<?xml version="1.0" encoding="UTF-8"?>
<!-- Generated by org.testng.reporters.JUnitReportReporter -->
<testsuite hostname="LAPTOP-BT5CJTDM" failures="0" tests="2" name="qaclickacademy.seliniumjava.Appiumtest" time="0.008" errors="0" timestamp="2022-01-20T12:11:43 IST" skipped="0">
  <testcase classname="qaclickacademy.seliniumjava.Appiumtest" name="NativeTestAndroid" time="0.000"/>
  <system-out/>
  <testcase classname="qaclickacademy.seliniumjava.Appiumtest" name="IOSApps" time="0.008"/>
  <system-out/>
</testsuite> <!-- qaclickacademy.seliniumjava.Appiumtest -->
