<?xml version="1.0" encoding="UTF-8"?>
<!-- Generated by org.testng.reporters.JUnitReportReporter -->
<testsuite hostname="LAPTOP-BT5CJTDM" failures="0" tests="2" name="qaclickacademy.seliniumjava.RestapiTest" time="0.004" errors="0" timestamp="2022-01-27T06:54:10 IST" skipped="0">
  <testcase classname="qaclickacademy.seliniumjava.RestapiTest" name="deleteTwitter" time="0.003"/>
  <system-out/>
  <testcase classname="qaclickacademy.seliniumjava.RestapiTest" name="postJira" time="0.001"/>
  <system-out/>
</testsuite> <!-- qaclickacademy.seliniumjava.RestapiTest -->
