<?xml version="1.0" encoding="UTF-8"?>
<!-- Generated by org.testng.reporters.JUnitReportReporter -->
<testsuite hostname="LAPTOP-BT5CJTDM" failures="0" tests="2" name="qaclickacademy.seliniumjava.SeleniumTest" time="0.000" errors="0" timestamp="2022-01-26T08:19:26 IST" skipped="0">
  <testcase classname="qaclickacademy.seliniumjava.SeleniumTest" name="BrowserAutomation" time="0.000"/>
  <system-out/>
  <testcase classname="qaclickacademy.seliniumjava.SeleniumTest" name="elementsui" time="0.000"/>
  <system-out/>
</testsuite> <!-- qaclickacademy.seliniumjava.SeleniumTest -->
